<?xml version="1.0" encoding="UTF-8"?>
<!-- Generated by org.testng.reporters.JUnitXMLReporter -->
<testsuite hostname="Ashrita-HP" ignored="0" name="Test" tests="6" failures="0" timestamp="2020-01-21T21:57:28 IST" time="13.844" errors="0">
  <testcase name="verifySignON" time="0.082" classname="testscripts.VerifyHomePageFields"/>
  <testcase name="verifyRegisterLink" time="0.047" classname="testscripts.VerifyHomePageFields"/>
  <testcase name="verifyusername" time="0.046" classname="testscripts.VerifyHomePageFields"/>
  <testcase name="verifyPassword" time="0.041" classname="testscripts.VerifyHomePageFields"/>
  <testcase name="verifylogin" time="0.035" classname="testscripts.VerifyHomePageFields"/>
  <testcase name="verifyloginfunctionalty" time="6.888" classname="testscripts.VerifyHomePageFields"/>
</testsuite> <!-- Test -->
