<?xml version="1.0" encoding="UTF-8"?>
<!-- Generated by org.testng.reporters.JUnitXMLReporter -->
<testsuite hostname="Ashrita-HP" ignored="0" name="Module 1" tests="4" failures="0" timestamp="2020-01-18T15:38:32 IST" time="0.094" errors="0">
  <testcase name="test1" time="0.016" classname="module1.Test1Module1"/>
  <testcase name="test2" time="0.016" classname="module1.Test1Module1"/>
  <testcase name="test1" time="0.0" classname="module1.Test2Module1"/>
  <testcase name="test2" time="0.016" classname="module1.Test2Module1"/>
</testsuite> <!-- Module 1 -->
