<?xml version="1.0" encoding="UTF-8"?>
<!-- Generated by org.testng.reporters.JUnitXMLReporter -->
<testsuite hostname="Ashrita-HP" ignored="0" name="Testing testng.xml" tests="3" failures="1" timestamp="2020-01-18T15:09:28 IST" time="0.062" errors="0">
  <testcase name="test1" time="0.0" classname="basicAnnotations.TestNGClas1"/>
  <testcase name="test2" time="0.016" classname="basicAnnotations.TestNGClas1">
    <failure type="java.lang.ArithmeticException">
      <![CDATA[java.lang.ArithmeticException
at basicAnnotations.TestNGClas1.test2(TestNGClas1.java:21)
at java.util.ArrayList.forEach(Unknown Source)
... Removed 27 stack frames]]>
    </failure>
  </testcase> <!-- test2 -->
  <testcase name="test3" time="0.0" classname="basicAnnotations.TestNGClas1">
    <skipped/>
  </testcase> <!-- test3 -->
</testsuite> <!-- Testing testng.xml -->
