<?xml version="1.0" encoding="UTF-8"?>
<testng-results skipped="0" failed="0" ignored="0" total="2" passed="2">
  <reporter-output>
  </reporter-output>
  <suite name="Default suite" duration-ms="28500" started-at="2020-01-18T17:15:18 IST" finished-at="2020-01-18T17:15:46 IST">
    <groups>
    </groups>
    <test name="Default test" duration-ms="28500" started-at="2020-01-18T17:15:18 IST" finished-at="2020-01-18T17:15:46 IST">
      <class name="test.TestDataProvider2">
        <test-method status="PASS" signature="test1(java.lang.String, java.lang.String)[pri:0, instance:test.TestDataProvider2@eec5a4a]" name="test1" duration-ms="14198" started-at="2020-01-18T17:15:18 IST" data-provider="getData1" finished-at="2020-01-18T17:15:32 IST">
          <params>
            <param index="0">
              <value>
                <![CDATA[mercury]]>
              </value>
            </param>
            <param index="1">
              <value>
                <![CDATA[mercury]]>
              </value>
            </param>
          </params>
          <reporter-output>
          </reporter-output>
        </test-method> <!-- test1 -->
        <test-method status="PASS" signature="test1(java.lang.String, java.lang.String)[pri:0, instance:test.TestDataProvider2@eec5a4a]" name="test1" duration-ms="13688" started-at="2020-01-18T17:15:32 IST" data-provider="getData1" finished-at="2020-01-18T17:15:46 IST">
          <params>
            <param index="0">
              <value>
                <![CDATA[mercury1]]>
              </value>
            </param>
            <param index="1">
              <value>
                <![CDATA[mercury1]]>
              </value>
            </param>
          </params>
          <reporter-output>
          </reporter-output>
        </test-method> <!-- test1 -->
      </class> <!-- test.TestDataProvider2 -->
    </test> <!-- Default test -->
  </suite> <!-- Default suite -->
</testng-results>
