<?xml version="1.0" encoding="UTF-8"?>
<testng-results skipped="0" failed="0" ignored="0" total="1" passed="1">
  <reporter-output>
  </reporter-output>
  <suite name="Default suite" duration-ms="51168" started-at="2020-01-25T15:24:35 IST" finished-at="2020-01-25T15:25:26 IST">
    <groups>
    </groups>
    <test name="Default test" duration-ms="51168" started-at="2020-01-25T15:24:35 IST" finished-at="2020-01-25T15:25:26 IST">
      <class name="testscripts.VerifyFlightBooking">
        <test-method status="PASS" signature="initilize()[pri:0, instance:testscripts.VerifyFlightBooking@7d907bac]" name="initilize" is-config="true" duration-ms="10159" started-at="2020-01-25T15:24:35 IST" finished-at="2020-01-25T15:24:45 IST">
          <reporter-output>
          </reporter-output>
        </test-method> <!-- initilize -->
        <test-method status="PASS" signature="verifyloginfunctionalty()[pri:0, instance:testscripts.VerifyFlightBooking@7d907bac]" name="verifyloginfunctionalty" duration-ms="40924" started-at="2020-01-25T15:24:45 IST" finished-at="2020-01-25T15:25:26 IST">
          <reporter-output>
          </reporter-output>
        </test-method> <!-- verifyloginfunctionalty -->
        <test-method status="PASS" signature="closeBrowser()[pri:0, instance:testscripts.VerifyFlightBooking@7d907bac]" name="closeBrowser" is-config="true" duration-ms="0" started-at="2020-01-25T15:25:26 IST" finished-at="2020-01-25T15:25:26 IST">
          <reporter-output>
          </reporter-output>
        </test-method> <!-- closeBrowser -->
      </class> <!-- testscripts.VerifyFlightBooking -->
    </test> <!-- Default test -->
  </suite> <!-- Default suite -->
</testng-results>
